Determining if the function wsyncup exists in the /usr/lib64/libcurses.so passed with the following output:
Change Dir: /home/brandon/sb_2024_week_15/cmake_script/installer_source_files/cmake-3.18.0/Source/Checks/Curses-build/CMakeFiles/CMakeTmp

Run Build Command(s):/usr/bin/gmake cmTC_689a9/fast && gmake  -f CMakeFiles/cmTC_689a9.dir/build.make CMakeFiles/cmTC_689a9.dir/build
gmake[1]: Entering directory `/home/brandon/sb_2024_week_15/cmake_script/installer_source_files/cmake-3.18.0/Source/Checks/Curses-build/CMakeFiles/CMakeTmp'
Building C object CMakeFiles/cmTC_689a9.dir/CheckFunctionExists.c.o
/usr/bin/gcc   -DCHECK_FUNCTION_EXISTS=wsyncup -o CMakeFiles/cmTC_689a9.dir/CheckFunctionExists.c.o -c /home/brandon/sb_2024_week_15/cmake_script/installer_source_files/cmake-3.18.0/Modules/CheckFunctionExists.c
Linking C executable cmTC_689a9
/home/brandon/sb_2024_week_15/cmake_script/installer_source_files/cmake-3.18.0/Bootstrap.cmk/cmake -E cmake_link_script CMakeFiles/cmTC_689a9.dir/link.txt --verbose=1
/usr/bin/gcc  -DCHECK_FUNCTION_EXISTS=wsyncup -rdynamic CMakeFiles/cmTC_689a9.dir/CheckFunctionExists.c.o -o cmTC_689a9  -lcurses 
gmake[1]: Leaving directory `/home/brandon/sb_2024_week_15/cmake_script/installer_source_files/cmake-3.18.0/Source/Checks/Curses-build/CMakeFiles/CMakeTmp'



Determining if the function cbreak exists in the /usr/lib64/libncurses.so passed with the following output:
Change Dir: /home/brandon/sb_2024_week_15/cmake_script/installer_source_files/cmake-3.18.0/Source/Checks/Curses-build/CMakeFiles/CMakeTmp

Run Build Command(s):/usr/bin/gmake cmTC_a6dde/fast && gmake  -f CMakeFiles/cmTC_a6dde.dir/build.make CMakeFiles/cmTC_a6dde.dir/build
gmake[1]: Entering directory `/home/brandon/sb_2024_week_15/cmake_script/installer_source_files/cmake-3.18.0/Source/Checks/Curses-build/CMakeFiles/CMakeTmp'
Building C object CMakeFiles/cmTC_a6dde.dir/CheckFunctionExists.c.o
/usr/bin/gcc   -DCHECK_FUNCTION_EXISTS=cbreak -o CMakeFiles/cmTC_a6dde.dir/CheckFunctionExists.c.o -c /home/brandon/sb_2024_week_15/cmake_script/installer_source_files/cmake-3.18.0/Modules/CheckFunctionExists.c
Linking C executable cmTC_a6dde
/home/brandon/sb_2024_week_15/cmake_script/installer_source_files/cmake-3.18.0/Bootstrap.cmk/cmake -E cmake_link_script CMakeFiles/cmTC_a6dde.dir/link.txt --verbose=1
/usr/bin/gcc  -DCHECK_FUNCTION_EXISTS=cbreak -rdynamic CMakeFiles/cmTC_a6dde.dir/CheckFunctionExists.c.o -o cmTC_a6dde  -lncurses 
gmake[1]: Leaving directory `/home/brandon/sb_2024_week_15/cmake_script/installer_source_files/cmake-3.18.0/Source/Checks/Curses-build/CMakeFiles/CMakeTmp'



